<?xml version="1.0" encoding="UTF-8"?>
<testng-results ignored="0" total="2" passed="2" failed="0" skipped="0">
  <reporter-output>
  </reporter-output>
  <suite started-at="2023-08-03T17:03:05 IST" name="Default suite" finished-at="2023-08-03T17:03:05 IST" duration-ms="208">
    <groups>
    </groups>
    <test started-at="2023-08-03T17:03:05 IST" name="Default test" finished-at="2023-08-03T17:03:05 IST" duration-ms="208">
      <class name="com.sample.test.testPlaylist">
        <test-method is-config="true" signature="setup()[pri:0, instance:com.sample.test.testPlaylist@3bf9ce3e]" started-at="2023-08-03T17:03:05 IST" name="setup" finished-at="2023-08-03T17:03:05 IST" duration-ms="17" status="PASS">
          <reporter-output>
          </reporter-output>
        </test-method> <!-- setup -->
        <test-method signature="testPlaylistOrderAfterSongsPlayed()[pri:0, instance:com.sample.test.testPlaylist@3bf9ce3e]" started-at="2023-08-03T17:03:05 IST" name="testPlaylistOrderAfterSongsPlayed" finished-at="2023-08-03T17:03:05 IST" duration-ms="44" status="PASS">
          <reporter-output>
          </reporter-output>
        </test-method> <!-- testPlaylistOrderAfterSongsPlayed -->
        <test-method is-config="true" signature="setup()[pri:0, instance:com.sample.test.testPlaylist@3bf9ce3e]" started-at="2023-08-03T17:03:05 IST" name="setup" finished-at="2023-08-03T17:03:05 IST" duration-ms="4" status="PASS">
          <reporter-output>
          </reporter-output>
        </test-method> <!-- setup -->
        <test-method signature="testPlaylistWithRepeatedSong()[pri:0, instance:com.sample.test.testPlaylist@3bf9ce3e]" started-at="2023-08-03T17:03:05 IST" name="testPlaylistWithRepeatedSong" finished-at="2023-08-03T17:03:05 IST" duration-ms="8" status="PASS">
          <reporter-output>
          </reporter-output>
        </test-method> <!-- testPlaylistWithRepeatedSong -->
      </class> <!-- com.sample.test.testPlaylist -->
    </test> <!-- Default test -->
  </suite> <!-- Default suite -->
</testng-results>
