<?xml version="1.0" encoding="UTF-8"?>
<!-- Generated by org.testng.reporters.JUnitXMLReporter -->
<testsuite ignored="0" hostname="DESKTOP-6QLLRGC" failures="0" tests="2" name="Default test" time="0.208" errors="0" timestamp="2023-08-03T17:03:05 IST">
  <testcase classname="com.sample.test.testPlaylist" name="testPlaylistOrderAfterSongsPlayed" time="0.044"/>
  <testcase classname="com.sample.test.testPlaylist" name="testPlaylistWithRepeatedSong" time="0.008"/>
</testsuite> <!-- Default test -->
